<?xml version="1.0" encoding="UTF-8"?>
<!-- Generated by org.testng.reporters.JUnitReportReporter -->
<testsuite hostname="LAPTOP-0J9B465B" failures="0" tests="1" name="com.test.TC_02" time="10.430" errors="0" timestamp="2022-11-23T13:26:06 IST" skipped="0">
  <testcase classname="com.test.TC_02" name="verify" time="10.430"/>
  <system-out/>
</testsuite> <!-- com.test.TC_02 -->
