<?xml version="1.0" encoding="UTF-8"?>
<!-- Generated by org.testng.reporters.JUnitReportReporter -->
<testsuite hostname="LAPTOP-0J9B465B" failures="0" tests="1" name="com.test.TS_1" time="17.883" errors="0" timestamp="2022-11-24T12:55:34 IST" skipped="0">
  <testcase classname="com.test.TS_1" name="TC_1" time="17.883"/>
  <system-out/>
</testsuite> <!-- com.test.TS_1 -->
