<?xml version="1.0" encoding="UTF-8"?>
<!-- Generated by org.testng.reporters.JUnitReportReporter -->
<testsuite hostname="LAPTOP-0J9B465B" failures="0" tests="1" name="com.test.TS_2" time="9.939" errors="0" timestamp="2022-11-24T12:55:34 IST" skipped="0">
  <testcase classname="com.test.TS_2" name="verify" time="9.939"/>
  <system-out/>
</testsuite> <!-- com.test.TS_2 -->
