<?xml version="1.0" encoding="UTF-8"?>
<!-- Generated by org.testng.reporters.JUnitReportReporter -->
<testsuite hostname="LAPTOP-0J9B465B" failures="0" tests="1" name="com.test.TC_01" time="28.454" errors="0" timestamp="2022-11-24T09:56:11 IST" skipped="0">
  <testcase classname="com.test.TC_01" name="t1" time="28.454"/>
  <system-out/>
</testsuite> <!-- com.test.TC_01 -->
